MAC of RBS_f(2): 2.00
Io_ideal: (2*ub)/(2*Ro + rb)
Ib_ideal(1): ub/(2*Ro + rb)
Ib_ideal(2): ub/(2*Ro + rb)
those switches are close: 1 2 3 5 6 7 

MAC of RBS_f(4): 4.00
Io_ideal: (4*ub)/(4*Ro + rb)
Ib_ideal(1): ub/(4*Ro + rb)
Ib_ideal(2): ub/(4*Ro + rb)
Ib_ideal(3): ub/(4*Ro + rb)
Ib_ideal(4): ub/(4*Ro + rb)
those switches are close: 1 2 3 4 5 9 10 11 12 13 

MAC of RBS_f(6): 6.00
Io_ideal: (6*ub)/(6*Ro + rb)
Ib_ideal(1): ub/(6*Ro + rb)
Ib_ideal(2): ub/(6*Ro + rb)
Ib_ideal(3): ub/(6*Ro + rb)
Ib_ideal(4): ub/(6*Ro + rb)
Ib_ideal(5): ub/(6*Ro + rb)
Ib_ideal(6): ub/(6*Ro + rb)
those switches are close: 1 2 3 4 5 6 7 13 14 15 16 17 18 19 

MAC of RBS_e(2): 1.00
Io_ideal: ub/(Ro + rb)
Ib_ideal(1): ub/(Ro + rb)
Ib_ideal(2): 0
those switches are close: 1 3 5 7 8 9 

MAC of RBS_e(3): 1.00
Io_ideal: ub/(Ro + rb)
Ib_ideal(1): ub/(Ro + rb)
Ib_ideal(2): 0
Ib_ideal(3): 0
those switches are close: 1 3 5 7 10 11 12 

MAC of RBS_e(4): 1.00
Io_ideal: ub/(Ro + rb)
Ib_ideal(1): ub/(Ro + rb)
Ib_ideal(2): 0
Ib_ideal(3): 0
Ib_ideal(4): 0
those switches are close: 1 3 5 7 10 13 14 15 

MAC of RBS_e2f2: 2.00
Io_ideal: (2*ub)/(2*Ro + rb)
Ib_ideal(1): ub/(2*Ro + rb)
Ib_ideal(2): ub/(2*Ro + rb)
Ib_ideal(3): 0
Ib_ideal(4): 0
those switches are close: 1 3 5 6 8 9 10 12 18 19 

